<?xml version="1.0" encoding="UTF-8"?>
<!-- Generated by org.testng.reporters.JUnitReportReporter -->
<testsuite skipped="0" hostname="DESKTOP-418NQCC" name="org.test.rerun.Parameter" tests="2" failures="0" timestamp="21 Nov 2022 14:27:03 GMT" time="0.044" errors="0">
  <testcase name="para" time="0.023" classname="org.test.rerun.Parameter"/>
  <testcase name="para" time="0.021" classname="org.test.rerun.Parameter"/>
</testsuite> <!-- org.test.rerun.Parameter -->
